<!-- $Id: /local/Handel/trunk/t/htdocs/tt2/out/checkout_plugins.tt2.out 1638 2007-06-24T15:35:46.298350Z claco  $ -->
<body>
	<plugins>
		<plugin>Handel::TestPlugins::First</plugin>
	</plugins>
	<plugins>
		<plugin>Handel::OtherTestPlugins::Second</plugin>
	</plugins>
	<plugins>
		<plugin>Handel::OtherTestPlugins::Second</plugin>
		<plugin>Handel::TestPlugins::First</plugin>
	</plugins>
	<plugins>
		<plugin>Handel::OtherTestPlugins::Second</plugin>
		<plugin>Handel::TestPipeline::InitializeTotals</plugin>
		<plugin>Handel::TestPipeline::ReadFromStash</plugin>
		<plugin>Handel::TestPipeline::ValidateError</plugin>
		<plugin>Handel::TestPipeline::WriteToStash</plugin>
		<plugin>Handel::TestPlugins::First</plugin>
	</plugins>
	<plugins>
		<plugin>Handel::OtherTestPlugins::Second</plugin>
		<plugin>Handel::TestPipeline::InitializeTotals</plugin>
		<plugin>Handel::TestPipeline::ReadFromStash</plugin>
		<plugin>Handel::TestPipeline::WriteToStash</plugin>
		<plugin>Handel::TestPlugins::First</plugin>
	</plugins>
	<plugins>
		<plugin>Handel::TestPipeline::ValidateError</plugin>
	</plugins>
	<plugins>
		<plugin>Handel::TestPipeline::ReadFromStash</plugin>
	</plugins>
</body>
