<?xml version="1.0" encoding="UTF-8"?>
<!-- $Id: /local/CPAN/Handel/t/htdocs/axkit/out/checkout_process.xsp.out 1043 2007-06-24T15:35:46.298350Z claco  $ -->
<body>
	<checkout>
		<ok>Order processing completed successfully!</ok>
		<success>Order processing completed successfully!</success>
		<successful>Order processing completed successfully!</successful>
	</checkout>
	<checkout>
		<ok>Order processing completed successfully!</ok>
		<success>Order processing completed successfully!</success>
		<successful>Order processing completed successfully!</successful>
	</checkout>
	<checkout>
		<ok>Order processing completed successfully!</ok>
		<success>Order processing completed successfully!</success>
		<successful>Order processing completed successfully!</successful>
	</checkout>
	<checkout>
		<ok>Order processing completed successfully!</ok>
		<success>Order processing completed successfully!</success>
		<successful>Order processing completed successfully!</successful>
	</checkout>
	<checkout>
		<error>Error processing order!</error>
		<message>hasmessage</message>
		<fail>Error processing order!</fail>
		<message>hasmessage</message>
		<failure>Error processing order!</failure>
		<message>hasmessage</message>
	</checkout>
</body>
