<?xml version="1.0" encoding="UTF-8"?>
<!-- $Id: /local/CPAN/Handel/t/htdocs/axkit/out/checkout_messages.xsp.out 1043 2007-06-24T15:35:46.298350Z claco  $ -->
<body>
	<messages>
		<message>mytext</message>
		<message>foo</message>
		<message>bar</message>
	</messages>
	<messages>
		<message>foo</message>
		<message>bar</message>
	</messages>
	<messages>
		<message>new test message</message>
		<message>new test message</message>
	</messages>
	<messages>
		<message>bar</message>
		<message>bar</message>
	</messages>
</body>
