<?xml version="1.0" encoding="UTF-8"?>
<!-- $Id: /local/CPAN/Handel/t/htdocs/axkit/out/checkout_plugins.xsp.out 1043 2007-06-24T15:35:46.298350Z claco  $ -->
<body>
	<plugins>
		<plugin>Handel::TestPlugins::First</plugin>
	</plugins>
	<plugins>
		<plugin>Handel::OtherTestPlugins::Second</plugin>
	</plugins>
	<plugins>
		<plugin>Handel::OtherTestPlugins::Second</plugin>
		<plugin>Handel::TestPlugins::First</plugin>
	</plugins>
	<plugins>
		<plugin>Handel::OtherTestPlugins::Second</plugin>
		<plugin>Handel::TestPipeline::InitializeTotals</plugin>
		<plugin>Handel::TestPipeline::ReadFromStash</plugin>
		<plugin>Handel::TestPipeline::ValidateError</plugin>
		<plugin>Handel::TestPipeline::WriteToStash</plugin>
		<plugin>Handel::TestPlugins::First</plugin>
	</plugins>
	<plugins>
		<plugin>Handel::OtherTestPlugins::Second</plugin>
		<plugin>Handel::TestPipeline::InitializeTotals</plugin>
		<plugin>Handel::TestPipeline::ReadFromStash</plugin>
		<plugin>Handel::TestPipeline::WriteToStash</plugin>
		<plugin>Handel::TestPlugins::First</plugin>
	</plugins>
	<plugins>
		<plugin>Handel::TestPipeline::ValidateError</plugin>
	</plugins>
	<plugins>
		<plugin>Handel::TestPipeline::ReadFromStash</plugin>
	</plugins>
</body>
